Initializing jdb ...
> run junit.textui.TestRunner MyTest
Set uncaught java.lang.Throwable
Set deferred uncaught java.lang.Throwable
> 
VM Started: com.sun.tools.example.debug.expr.ParseException: Name unknown: res
 res = null
> ..S? CMND: 832443592. H? tên: Hoàng V?n Ph??ng.
E..E.InvalidFundingAmountException: S? ti?n không h?p l?: $-2000.00
	at Account.doDepositing(Account.java:94)
	at CheckingAccount.deposit(CheckingAccount.java:25)
	at MyTest.test3_deposit_account(MyTest.java:78)
	at sun.reflect.NativeMethodAccessorI.mpl.invoke0(Native Method)
	at sun.reflect.NativeMethodAccessorImpl.invoke(NativeMethodAccessorImpl.java:62)
	at sun.reflect.DelegatingMethodAccessorImpl.invoke(DelegatingMethodAccessorImpl.java:43)
	at java.lang.reflect.Method.invoke(Method.java:498)
	at junit.framework.TestCase.runTest(TestCase.java:176)
	at junit.framework.TestCase.runBare(TestCase.java:141)
	at. junit.framework.TestResult$1.protect(TestResult.java:122)
	at junit.framework.TestResult.runProtected(TestResult.java:142)
	at junit.framework.TestResult.run(TestResult.java:125)
	at junit.framework.TestCase.run(TestCase.java:129)
	at junit.framework.TestSuite.runTest(TestSuite.java:252)
	at junit.framework.TestSuite.run(TestSuite.java:247)
	at junit.textui.TestRunner.doRun(TestRunner.java:116)
	at junit.textui.TestRunner.start(TestRunner.java:183)
	at junit.textui.TestRunner.main(TestRunner.java:137)
InvalidFundingAmountException: S? ti?n không h?p l?: $2000.00
	at Account.doWithdrawing(Account.java:73)
	at SavingsAccount.withdraw(SavingsAccount.java:16)
	at MyTest.test5_withdraw_savings_account(MyTest.java:103)
	at sun.reflect.NativeMethodAccessorImpl.invoke0(Native Method)
	at sun.reflect.NativeMethodAccessorImpl.invoke(NativeMethodAccessorImpl.java:62)
	at sun.reflect.DelegatingMethodAccessorImpl.invoke(DelegatingMethodAccessorImpl.java:43)
	at java.lang.reflect.Method.invoke(Method.java:498)
	at junit.framework.TestCase.runTest(TestCase.java:176)
	at junit.framework.TestCase.runBare(TestCase.java:141)
	at junit.framework.TestResult$1.protect(TestResult.java:122)
	at junit.framework.TestResult.runProtected(TestResult.java:142)
	at junit.framework.TestResult.run(TestResult.java:125)
	at junit.framework.TestCase.run(TestCase.java:129)
	at junit.framework.TestSuite.runTest(TestSuite.java:252)
	at junit.framework.TestSuite.run(TestSuite.java:247)
	at juni.t.textui.TestRunner.doRun(TestRunner.java:116)
	at junit.textui.TestRunner.start(TestRunner.java:183)
	at junit.textui.TestRunner.main(TestRunner.java:137)
InvalidFundingAmountException: S? ti?n không h?p l?: $-100.00
	at Account.doWithdrawing(Account.java:66)
	at SavingsAccount.withdraw(SavingsAcc.ount.java:16)
	at MyTest.test5_withd.raw_savings_account(MyTest.java:109)
	at sun.r.eflect.NativeMethodAccessorImpl.invoke0(Native Method)
	at sun.reflect.NativeMethodAccessorImpl.invoke(NativeMethodAccessorImpl.java:62)
	at sun.reflect.DelegatingMethodAccessorImpl.invoke(DelegatingMethodAccessorImpl.java:43)
	at java.lang.reflect.Method.invoke(Method.java:498)
	at junit.framework.TestCase.runTest(TestCase.java:176)
	at junit.framework.TestCase.runBare(TestCase.java:141)
	at junit.framework.TestResult$1.protect(TestResult.java:122)
	at junit.framework.TestResult.runProtected(TestResult.java:142)
	at junit.framework.TestResult.run(TestResult.java:125)
	at junit.framework.TestCase.run(TestCase.java:129)
	at junit.framework.TestSuite.runTest(TestSuite.java:252)
	at junit.framework.TestSuite.run(TestSuite.java:247)
	at junit.textui.TestRunner.doRun(TestRunner.java:116)
	at junit.textui.TestRunner.start(TestRunner.java:183)
	at junit.textui.TestRunner.main(TestRunner.java:137)
InsufficientFundsException: S? d? tài kho?n không ?? $900.00 ?? th?c hi?n giao d?ch
	at Account.doWithdrawing(Account.java:75)
	at SavingsAccount.withdraw(SavingsAccount.java:16)
	at MyTest.test5_withdraw_savings_account(MyTest.java:114)
	at sun.reflect.NativeMethodAccessorImpl.invoke0(Native Method)
	at sun.reflect.NativeMethodAccessorImpl.invoke(NativeMethodAccessorImpl.java:62)
	at